Determining if the pthread_create exist failed with the following output:
Change Dir: /home/dsobek/Projects/e190melodic_ws/build/CMakeFiles/CMakeTmp

Run Build Command:"/usr/bin/make" "cmTC_4de72/fast"
/usr/bin/make -f CMakeFiles/cmTC_4de72.dir/build.make CMakeFiles/cmTC_4de72.dir/build
make[1]: Entering directory '/home/dsobek/Projects/e190melodic_ws/build/CMakeFiles/CMakeTmp'
Building C object CMakeFiles/cmTC_4de72.dir/CheckSymbolExists.c.o
/usr/bin/cc    -o CMakeFiles/cmTC_4de72.dir/CheckSymbolExists.c.o   -c /home/dsobek/Projects/e190melodic_ws/build/CMakeFiles/CMakeTmp/CheckSymbolExists.c
Linking C executable cmTC_4de72
/usr/bin/cmake -E cmake_link_script CMakeFiles/cmTC_4de72.dir/link.txt --verbose=1
/usr/bin/cc      -rdynamic CMakeFiles/cmTC_4de72.dir/CheckSymbolExists.c.o  -o cmTC_4de72 
CMakeFiles/cmTC_4de72.dir/CheckSymbolExists.c.o: In function `main':
CheckSymbolExists.c:(.text+0x1b): undefined reference to `pthread_create'
collect2: error: ld returned 1 exit status
CMakeFiles/cmTC_4de72.dir/build.make:97: recipe for target 'cmTC_4de72' failed
make[1]: *** [cmTC_4de72] Error 1
make[1]: Leaving directory '/home/dsobek/Projects/e190melodic_ws/build/CMakeFiles/CMakeTmp'
Makefile:126: recipe for target 'cmTC_4de72/fast' failed
make: *** [cmTC_4de72/fast] Error 2

File /home/dsobek/Projects/e190melodic_ws/build/CMakeFiles/CMakeTmp/CheckSymbolExists.c:
/* */
#include <pthread.h>

int main(int argc, char** argv)
{
  (void)argv;
#ifndef pthread_create
  return ((int*)(&pthread_create))[argc];
#else
  (void)argc;
  return 0;
#endif
}

Determining if the function pthread_create exists in the pthreads failed with the following output:
Change Dir: /home/dsobek/Projects/e190melodic_ws/build/CMakeFiles/CMakeTmp

Run Build Command:"/usr/bin/make" "cmTC_5064a/fast"
/usr/bin/make -f CMakeFiles/cmTC_5064a.dir/build.make CMakeFiles/cmTC_5064a.dir/build
make[1]: Entering directory '/home/dsobek/Projects/e190melodic_ws/build/CMakeFiles/CMakeTmp'
Building C object CMakeFiles/cmTC_5064a.dir/CheckFunctionExists.c.o
/usr/bin/cc   -DCHECK_FUNCTION_EXISTS=pthread_create   -o CMakeFiles/cmTC_5064a.dir/CheckFunctionExists.c.o   -c /usr/share/cmake-3.10/Modules/CheckFunctionExists.c
Linking C executable cmTC_5064a
/usr/bin/cmake -E cmake_link_script CMakeFiles/cmTC_5064a.dir/link.txt --verbose=1
/usr/bin/cc  -DCHECK_FUNCTION_EXISTS=pthread_create    -rdynamic CMakeFiles/cmTC_5064a.dir/CheckFunctionExists.c.o  -o cmTC_5064a -lpthreads 
/usr/bin/ld: cannot find -lpthreads
collect2: error: ld returned 1 exit status
CMakeFiles/cmTC_5064a.dir/build.make:97: recipe for target 'cmTC_5064a' failed
make[1]: *** [cmTC_5064a] Error 1
make[1]: Leaving directory '/home/dsobek/Projects/e190melodic_ws/build/CMakeFiles/CMakeTmp'
Makefile:126: recipe for target 'cmTC_5064a/fast' failed
make: *** [cmTC_5064a/fast] Error 2


